<?xml version="1.0" encoding="UTF-8" ?>
<testsuite errors="0" failures="0" hostname="LAPTOP-99FSOHEE" name="co.unicauca.clientes.modelo.ClientesDBTest" skipped="0" tests="1" time="0.109" timestamp="2020-05-17T19:45:52">
  <properties>
    <property name="libs.spring-framework300.classpath" value="C:\netbeans\ide\modules\org-apache-commons-logging.jar;C:\netbeans\java\modules\ext\cglib-2.2.jar;C:\netbeans\java\modules\ext\spring-3.0\spring-aop-3.2.7.RELEASE.jar;C:\netbeans\java\modules\ext\spring-3.0\spring-aspects-3.2.7.RELEASE.jar;C:\netbeans\java\modules\ext\spring-3.0\spring-beans-3.2.7.RELEASE.jar;C:\netbeans\java\modules\ext\spring-3.0\spring-build-src-3.2.7.RELEASE.jar;C:\netbeans\java\modules\ext\spring-3.0\spring-context-3.2.7.RELEASE.jar;C:\netbeans\java\modules\ext\spring-3.0\spring-context-support-3.2.7.RELEASE.jar;C:\netbeans\java\modules\ext\spring-3.0\spring-core-3.2.7.RELEASE.jar;C:\netbeans\java\modules\ext\spring-3.0\spring-expression-3.2.7.RELEASE.jar;C:\netbeans\java\modules\ext\spring-3.0\spring-framework-bom-3.2.7.RELEASE.jar;C:\netbeans\java\modules\ext\spring-3.0\spring-instrument-3.2.7.RELEASE.jar;C:\netbeans\java\modules\ext\spring-3.0\spring-instrument-tomcat-3.2.7.RELEASE.jar;C:\netbeans\java\modules\ext\spring-3.0\spring-jdbc-3.2.7.RELEASE.jar;C:\netbeans\java\modules\ext\spring-3.0\spring-jms-3.2.7.RELEASE.jar;C:\netbeans\java\modules\ext\spring-3.0\spring-orm-3.2.7.RELEASE.jar;C:\netbeans\java\modules\ext\spring-3.0\spring-oxm-3.2.7.RELEASE.jar;C:\netbeans\java\modules\ext\spring-3.0\spring-struts-3.2.7.RELEASE.jar;C:\netbeans\java\modules\ext\spring-3.0\spring-test-3.2.7.RELEASE.jar;C:\netbeans\java\modules\ext\spring-3.0\spring-tx-3.2.7.RELEASE.jar;C:\netbeans\java\modules\ext\spring-3.0\spring-web-3.2.7.RELEASE.jar;C:\netbeans\java\modules\ext\spring-3.0\spring-webmvc-3.2.7.RELEASE.jar;C:\netbeans\java\modules\ext\spring-3.0\spring-webmvc-portlet-3.2.7.RELEASE.jar" />
    <property name="javac.test.classpath" value=":build/classes:C:\netbeans\platform\modules\ext\junit-4.12.jar:C:\netbeans\platform\modules\ext\hamcrest-core-1.3.jar" />
    <property name="java.specification.version" value="11" />
    <property name="jar.index.metainf" value="false" />
    <property name="libs.spring-framework400.classpath" value="C:\netbeans\ide\modules\org-apache-commons-logging.jar;C:\netbeans\java\modules\ext\cglib-2.2.jar;C:\netbeans\java\modules\ext\spring-4\spring-aop-4.0.1.RELEASE.jar;C:\netbeans\java\modules\ext\spring-4\spring-aspects-4.0.1.RELEASE.jar;C:\netbeans\java\modules\ext\spring-4\spring-beans-4.0.1.RELEASE.jar;C:\netbeans\java\modules\ext\spring-4\spring-build-src-4.0.1.RELEASE.jar;C:\netbeans\java\modules\ext\spring-4\spring-context-4.0.1.RELEASE.jar;C:\netbeans\java\modules\ext\spring-4\spring-context-support-4.0.1.RELEASE.jar;C:\netbeans\java\modules\ext\spring-4\spring-core-4.0.1.RELEASE.jar;C:\netbeans\java\modules\ext\spring-4\spring-expression-4.0.1.RELEASE.jar;C:\netbeans\java\modules\ext\spring-4\spring-framework-bom-4.0.1.RELEASE.jar;C:\netbeans\java\modules\ext\spring-4\spring-instrument-4.0.1.RELEASE.jar;C:\netbeans\java\modules\ext\spring-4\spring-instrument-tomcat-4.0.1.RELEASE.jar;C:\netbeans\java\modules\ext\spring-4\spring-jdbc-4.0.1.RELEASE.jar;C:\netbeans\java\modules\ext\spring-4\spring-jms-4.0.1.RELEASE.jar;C:\netbeans\java\modules\ext\spring-4\spring-messaging-4.0.1.RELEASE.jar;C:\netbeans\java\modules\ext\spring-4\spring-orm-4.0.1.RELEASE.jar;C:\netbeans\java\modules\ext\spring-4\spring-oxm-4.0.1.RELEASE.jar;C:\netbeans\java\modules\ext\spring-4\spring-test-4.0.1.RELEASE.jar;C:\netbeans\java\modules\ext\spring-4\spring-tx-4.0.1.RELEASE.jar;C:\netbeans\java\modules\ext\spring-4\spring-web-4.0.1.RELEASE.jar;C:\netbeans\java\modules\ext\spring-4\spring-webmvc-4.0.1.RELEASE.jar;C:\netbeans\java\modules\ext\spring-4\spring-webmvc-portlet-4.0.1.RELEASE.jar;C:\netbeans\java\modules\ext\spring-4\spring-websocket-4.0.1.RELEASE.jar" />
    <property name="libs.spring-webmvc4.0.javadoc" value="" />
    <property name="test.binaryincludes" value="&lt;nothing&gt;" />
    <property name="do.jlink" value="false" />
    <property name="debug-transport" value="dt_shmem" />
    <property name="java.vendor.url" value="https://openjdk.java.net/" />
    <property name="debug.modulepath" value="" />
    <property name="libs.jsp-compilation.src" value="" />
    <property name="libs.eclipselink.javadoc" value="" />
    <property name="libs.JWSAntTasks.javadoc" value="" />
    <property name="sun.boot.library.path" value="C:\Program Files\Java\jdk-11.0.7\bin" />
    <property name="sun.java.command" value="org.apache.tools.ant.taskdefs.optional.junit.JUnitTestRunner co.unicauca.clientes.modelo.ClientesDBTest skipNonTests=false filtertrace=true haltOnError=false haltOnFailure=false showoutput=true outputtoformatters=true logfailedtests=true threadid=0 logtestlistenerevents=true formatter=org.apache.tools.ant.taskdefs.optional.junit.BriefJUnitResultFormatter formatter=org.apache.tools.ant.taskdefs.optional.junit.XMLJUnitResultFormatter,C:\Users\DAAC\Documents\NetBeansProjects\Taller3-mvc-ClientesAgenciaViajes\Taller3-mvc-ClientesAgenciaViajes\build\test\results\TEST-co.unicauca.clientes.modelo.ClientesDBTest.xml crashfile=C:\Users\DAAC\Documents\NetBeansProjects\Taller3-mvc-ClientesAgenciaViajes\Taller3-mvc-ClientesAgenciaViajes\build\junitvmwatcher13873133035013483019.properties propsfile=C:\Users\DAAC\Documents\NetBeansProjects\Taller3-mvc-ClientesAgenciaViajes\Taller3-mvc-ClientesAgenciaViajes\build\junit8692062405254626452.properties" />
    <property name="jdk.debug" value="release" />
    <property name="libs.spring-framework300.src" value="" />
    <property name="javadoc.use" value="true" />
    <property name="libs.javac-api.maven-pom" value="" />
    <property name="javadoc.notree" value="false" />
    <property name="ant.file.type.Taller3-mvc-ClientesAgenciaViajes-impl" value="file" />
    <property name="basedir" value="C:\Users\DAAC\Documents\NetBeansProjects\Taller3-mvc-ClientesAgenciaViajes\Taller3-mvc-ClientesAgenciaViajes" />
    <property name="application.vendor" value="libardo" />
    <property name="java.specification.name" value="Java Platform API Specification" />
    <property name="java.vm.specification.vendor" value="Oracle Corporation" />
    <property name="libs.javac-api.javadoc" value="" />
    <property name="libs.jsf20.classpath" value="C:\netbeans\enterprise\modules\ext\jsf-2_2\javax.faces.jar" />
    <property name="netbeans.extbrowser.manual_chrome_plugin_install" value="yes" />
    <property name="netbeans.default_userdir_root" value="C:\Users\DAAC\AppData\Roaming\NetBeans" />
    <property name="libs.jsp-compilation-syscp.src" value="" />
    <property name="jdk.home" value="C:\Program Files\Java\jdk-11.0.7" />
    <property name="java.runtime.version" value="11.0.7+8-LTS" />
    <property name="libs.eclipselink.maven-pom" value="" />
    <property name="libs.metro.maven-pom" value="" />
    <property name="libs.JAXB-ENDORSED.javadoc" value="" />
    <property name="org.openide.awt.SwingBrowserImpl.do-not-block-awt" value="false" />
    <property name="sun.java2d.noddraw" value="true" />
    <property name="sun.zip.disableMemoryMapping" value="true" />
    <property name="guice.disable.misplaced.annotation.check" value="true" />
    <property name="libs.maven-dependencies.maven-pom" value="" />
    <property name="libs.jsp-compilation.javadoc" value="" />
    <property name="libs.jsf12.src" value="" />
    <property name="libs.primefaces.javadoc" value="" />
    <property name="libs.groovy-all.maven-pom" value="" />
    <property name="java.vendor.version" value="18.9" />
    <property name="libs.restapi.src" value="" />
    <property name="libs.junit_5.javadoc" value="C:\netbeans\platform\docs\junit-jupiter-api-5.3.1-javadoc.jar;C:\netbeans\platform\docs\junit-jupiter-params-5.3.1-javadoc.jar;C:\netbeans\platform\docs\junit-jupiter-engine-5.3.1-javadoc.jar" />
    <property name="dist.archive.excludes" value="" />
    <property name="java.io.tmpdir" value="C:\Users\DAAC\AppData\Local\Temp\" />
    <property name="java.version" value="11.0.7" />
    <property name="java.vm.specification.name" value="Java Virtual Machine Specification" />
    <property name="java.library.path" value="C:\Program Files\Java\jdk-11.0.7\bin;C:\WINDOWS\Sun\Java\bin;C:\WINDOWS\system32;C:\WINDOWS;C:\Program Files (x86)\Common Files\Oracle\Java\javapath;C:\app\DAAC\product\11.2.0\dbhome_1\bin;C:\Program Files\cdrtools;C:\Program Files\doxygen\bin;C:\Program Files\dotnet\;C:\Program Files\Microsoft SQL Server\Client SDK\ODBC\170\Tools\Binn\;C:\Program Files\NVIDIA Corporation\NVIDIA NvDLISR;C:\Program Files\Git\cmd;C:\msys32\mingw32\bin;C:\msys32\usr\bin;C:\qemu;C:\bochs\bin;C:\cross-gcc\bin;C:\Program Files (x86)\cdrtools;C:\Program Files\doxygen\bin;C:\Users\DAAC\AppData\Local\Microsoft\WindowsApps;C:\Users\DAAC\AppData\Roaming\npm;C:\Users\DAAC\AppData\Local\Programs\Microsoft VS Code\bin;;." />
    <property name="libs.hamcrest.src" value="" />
    <property name="java.vendor" value="Oracle Corporation" />
    <property name="libs.testng.javadoc" value="C:\netbeans\platform\docs\testng-6.8.1-javadoc.zip" />
    <property name="libs.groovy-all.src" value="" />
    <property name="meta.inf.dir" value="src/META-INF" />
    <property name="compile.on.save" value="true" />
    <property name="libs.testng.maven-pom" value="" />
    <property name="org.openide.version" value="deprecated" />
    <property name="run.classpath" value=":build/classes" />
    <property name="libs.jaxb.src" value="" />
    <property name="test.src.dir" value="test" />
    <property name="sun.awt.enableExtraMouseButtons" value="true" />
    <property name="org.openide.major.version" value="IDE/1" />
    <property name="libs.spring-framework300.javadoc" value="" />
    <property name="ap.proc.none.internal" value="" />
    <property name="org.openide.specification.version" value="6.2" />
    <property name="user.timezone" value="" />
    <property name="jar.index" value="false" />
    <property name="libs.jpa20-persistence.classpath" value="C:\netbeans\java\modules\ext\eclipselink\javax.persistence-2.1.0.jar" />
    <property name="libs.eclipselinkmodelgen.javadoc" value="" />
    <property name="java.vm.specification.version" value="11" />
    <property name="libs.junit_5.classpath" value="C:\netbeans\platform\modules\ext\junit-jupiter-api-5.3.1.jar;C:\netbeans\platform\modules\ext\junit-jupiter-params-5.3.1.jar;C:\netbeans\platform\modules\ext\junit-jupiter-engine-5.3.1.jar" />
    <property name="javadoc.noindex" value="false" />
    <property name="javadoc.private" value="false" />
    <property name="libs.spring-webmvc4.0.maven-pom" value="" />
    <property name="libs.JAXB-ENDORSED.maven-pom" value="" />
    <property name="user.home" value="C:\Users\DAAC" />
    <property name="libs.eclipselinkmodelgen.maven-pom" value="" />
    <property name="have.sources" value="true" />
    <property name="annotation.processing.processors.list" value="" />
    <property name="javac.deprecation" value="false" />
    <property name="jlink.launcher" value="false" />
    <property name="build.generated.sources.dir" value="build/generated-sources" />
    <property name="plugin.manager.check.updates" value="false" />
    <property name="netbeans.autoupdate.language" value="es" />
    <property name="build.compiler.emacs" value="true" />
    <property name="libs.eclipselinkmodelgen.src" value="" />
    <property name="build.classes.excludes" value="**/*.java,**/*.form" />
    <property name="dist.jar" value="dist/Taller3-mvc-ClientesAgenciaViajes.jar" />
    <property name="libs.spring-webmvc4.0.classpath" value="C:\netbeans\java\modules\ext\spring-4\spring-webmvc-4.0.1.RELEASE.jar" />
    <property name="libs.javaee-endorsed-api-7.0.javadoc" value="C:\netbeans\enterprise\docs\javaee-doc-api.jar" />
    <property name="os.version" value="10.0" />
    <property name="netbeans.home" value="C:\netbeans\platform" />
    <property name="libs.CopyLibs.javadoc" value="" />
    <property name="debug-transport-by-os" value="dt_shmem" />
    <property name="libs.jsf20.src" value="" />
    <property name="java.vm.name" value="Java HotSpot(TM) 64-Bit Server VM" />
    <property name="libs.jstl.javadoc" value="C:\netbeans\enterprise\docs\javaee-doc-api.jar" />
    <property name="libs.javaee-endorsed-api-7.0.maven-pom" value="" />
    <property name="libs.jaxws21.classpath" value="C:\netbeans\java\modules\ext\jaxws22\FastInfoset.jar;C:\netbeans\java\modules\ext\jaxws22\gmbal-api-only.jar;C:\netbeans\java\modules\ext\jaxws22\ha-api.jar;C:\netbeans\java\modules\ext\jaxws22\javax.mail_1.4.jar;C:\netbeans\java\modules\ext\jaxws22\jaxws-rt.jar;C:\netbeans\java\modules\ext\jaxws22\jaxws-tools.jar;C:\netbeans\java\modules\ext\jaxws22\management-api.jar;C:\netbeans\java\modules\ext\jaxws22\mimepull.jar;C:\netbeans\java\modules\ext\jaxws22\policy.jar;C:\netbeans\java\modules\ext\jaxws22\saaj-impl.jar;C:\netbeans\java\modules\ext\jaxws22\stax-ex.jar;C:\netbeans\java\modules\ext\jaxws22\stax2-api.jar;C:\netbeans\java\modules\ext\jaxws22\streambuffer.jar;C:\netbeans\java\modules\ext\jaxws22\woodstox-core-asl.jar;C:\netbeans\java\modules\ext\jaxws22\api\jaxws-api.jar;C:\netbeans\java\modules\ext\jaxws22\api\jsr181-api.jar;C:\netbeans\java\modules\ext\jaxws22\api\javax.annotation.jar;C:\netbeans\java\modules\ext\jaxws22\api\saaj-api.jar;C:\netbeans\ide\modules\ext\jaxb\activation.jar;C:\netbeans\ide\modules\ext\jaxb\api\jaxb-api.jar" />
    <property name="libs.restapi.classpath" value="C:\netbeans\enterprise\modules\ext\jaxrs-2.0\javax.ws.rs-api-2.0.jar" />
    <property name="os.arch" value="amd64" />
    <property name="build.generated.dir" value="build/generated" />
    <property name="libs.groovy-all.javadoc" value="" />
    <property name="libs.javaee-web-api-7.0.javadoc" value="C:\netbeans\enterprise\docs\javaee-doc-api.jar" />
    <property name="libs.jsf12.maven-pom" value="" />
    <property name="libs.javaee-endorsed-api-7.0.classpath" value="C:\netbeans\enterprise\modules\ext\javaee7-endorsed\javax.annotation-api.jar;C:\netbeans\enterprise\modules\ext\javaee7-endorsed\javax.xml.soap-api.jar;C:\netbeans\enterprise\modules\ext\javaee7-endorsed\jaxb-api-osgi.jar;C:\netbeans\enterprise\modules\ext\javaee7-endorsed\jaxws-api.jar;C:\netbeans\enterprise\modules\ext\javaee7-endorsed\jsr181-api.jar" />
    <property name="org.netbeans.io.suspend" value="0" />
    <property name="libs.primefaces.maven-pom" value="" />
    <property name="awt.toolkit" value="sun.awt.windows.WToolkit" />
    <property name="ant.project.name" value="Taller3-mvc-ClientesAgenciaViajes" />
    <property name="dist.javadoc.dir" value="dist/javadoc" />
    <property name="default.javac.target" value="11" />
    <property name="javac.fork" value="true" />
    <property name="libs.eclipselink.classpath" value="C:\netbeans\java\modules\ext\eclipselink\org.eclipse.persistence.core-2.5.2.jar;C:\netbeans\java\modules\ext\eclipselink\org.eclipse.persistence.asm-2.5.2.jar;C:\netbeans\java\modules\ext\eclipselink\org.eclipse.persistence.antlr-2.5.2.jar;C:\netbeans\java\modules\ext\eclipselink\org.eclipse.persistence.jpa-2.5.2.jar;C:\netbeans\java\modules\ext\eclipselink\org.eclipse.persistence.jpa.jpql-2.5.2.jar;C:\netbeans\java\modules\ext\eclipselink\javax.persistence-2.1.0.jar" />
    <property name="libs.javac-api.classpath" value="" />
    <property name="libs.struts.classpath" value="C:\netbeans\enterprise\modules\ext\struts\antlr-2.7.2.jar;C:\netbeans\enterprise\modules\ext\struts\bsf-2.3.0.jar;C:\netbeans\enterprise\modules\ext\struts\commons-beanutils-1.8.0.jar;C:\netbeans\enterprise\modules\ext\struts\commons-chain-1.2.jar;C:\netbeans\enterprise\modules\ext\struts\commons-digester-1.8.jar;C:\netbeans\enterprise\modules\ext\struts\commons-fileupload-1.1.1.jar;C:\netbeans\enterprise\modules\ext\struts\commons-io-1.1.jar;C:\netbeans\enterprise\modules\ext\struts\commons-logging-1.0.4.jar;C:\netbeans\enterprise\modules\ext\struts\commons-validator-1.3.1.jar;C:\netbeans\enterprise\modules\ext\struts\jstl-1.0.2.jar;C:\netbeans\enterprise\modules\ext\struts\oro-2.0.8.jar;C:\netbeans\enterprise\modules\ext\struts\standard-1.0.6.jar;C:\netbeans\enterprise\modules\ext\struts\struts-core-1.3.10.jar;C:\netbeans\enterprise\modules\ext\struts\struts-el-1.3.10.jar;C:\netbeans\enterprise\modules\ext\struts\struts-extras-1.3.10.jar;C:\netbeans\enterprise\modules\ext\struts\struts-faces-1.3.10.jar;C:\netbeans\enterprise\modules\ext\struts\struts-mailreader-dao-1.3.10.jar;C:\netbeans\enterprise\modules\ext\struts\struts-scripting-1.3.10.jar;C:\netbeans\enterprise\modules\ext\struts\struts-taglib-1.3.10.jar;C:\netbeans\enterprise\modules\ext\struts\struts-tiles-1.3.10.jar" />
    <property name="libs.PostgreSQLDriver.maven-pom" value="" />
    <property name="libs.absolutelayout.src" value="" />
    <property name="testng.mode" value="testng" />
    <property name="annotation.processing.enabled.in.editor" value="false" />
    <property name="java.vm.compressedOopsMode" value="32-bit" />
    <property name="jdk.lang.Process.allowAmbiguousCommands" value="true" />
    <property name="netbeans.productversion" value="Apache NetBeans IDE 11.0 (Build incubator-netbeans-release-404-on-20190319)" />
    <property name="mkdist.disabled" value="false" />
    <property name="libs.javaee-web-api-6.0.javadoc" value="C:\netbeans\enterprise\docs\javaee-doc-api.jar" />
    <property name="libs.groovy-all.classpath" value="C:\netbeans\groovy\modules\ext\groovy.jar;C:\netbeans\groovy\modules\ext\groovy-ant.jar" />
    <property name="libs.javaee-api-7.0.maven-pom" value="" />
    <property name="libs.absolutelayout.javadoc" value="" />
    <property name="libs.jaxb.maven-pom" value="" />
    <property name="annotation.processing.processor.options" value="" />
    <property name="libs.javaee-api-6.0.maven-pom" value="" />
    <property name="dist.dir" value="dist" />
    <property name="build.dir" value="build" />
    <property name="ant.file.Taller3-mvc-ClientesAgenciaViajes-impl" value="C:\Users\DAAC\Documents\NetBeansProjects\Taller3-mvc-ClientesAgenciaViajes\Taller3-mvc-ClientesAgenciaViajes\nbproject\build-impl.xml" />
    <property name="netbeans.autoupdate.variant" value="" />
    <property name="javadoc.version" value="false" />
    <property name="libs.metro.classpath" value="C:\netbeans\ide\modules\ext\jaxb\activation.jar;C:\netbeans\enterprise\modules\ext\metro\webservices-api.jar;C:\netbeans\enterprise\modules\ext\metro\webservices-extra-api.jar;C:\netbeans\enterprise\modules\ext\metro\webservices-extra.jar;C:\netbeans\enterprise\modules\ext\metro\webservices-rt.jar;C:\netbeans\enterprise\modules\ext\metro\webservices-tools.jar" />
    <property name="libs.metro.src" value="" />
    <property name="libs.CopyLibs.classpath" value="C:\netbeans\java\ant\extra\org-netbeans-modules-java-j2seproject-copylibstask.jar" />
    <property name="sun.os.patch.level" value="" />
    <property name="javadoc.html5" value="false" />
    <property name="javac.test.processorpath" value=":build/classes:C:\netbeans\platform\modules\ext\junit-4.12.jar:C:\netbeans\platform\modules\ext\hamcrest-core-1.3.jar" />
    <property name="libs.javaee-web-api-7.0.maven-pom" value="" />
    <property name="netbeans.dirs" value="C:\netbeans\nb;C:\netbeans\ergonomics;C:\netbeans\ide;C:\netbeans\extide;C:\netbeans\java;C:\netbeans\apisupport;C:\netbeans\webcommon;C:\netbeans\websvccommon;C:\netbeans\enterprise;C:\netbeans\mobility;C:\netbeans\profiler;C:\netbeans\python;C:\netbeans\php;C:\netbeans\identity;C:\netbeans\harness;C:\netbeans\cnd;C:\netbeans\cndext;C:\netbeans\dlight;C:\netbeans\groovy;C:\netbeans\extra;C:\netbeans\javacard;C:\netbeans\javafx" />
    <property name="libs.hamcrest.maven-pom" value="" />
    <property name="javac.processorpath" value="" />
    <property name="libs.javaee-api-6.0.javadoc" value="C:\netbeans\enterprise\docs\javaee-doc-api.jar" />
    <property name="libs.JWSAntTasks.maven-pom" value="" />
    <property name="run.modulepath" value="" />
    <property name="do.archive+manifest.available" value="true" />
    <property name="apple.laf.useScreenMenuBar" value="true" />
    <property name="user.country" value="CO" />
    <property name="sun.java.launcher" value="SUN_STANDARD" />
    <property name="libs.jpa20-persistence.src" value="" />
    <property name="libs.restapi.javadoc" value="" />
    <property name="endorsed.classpath" value="" />
    <property name="javac.test.sourcepath" value="C:\Users\DAAC\Documents\NetBeansProjects\Taller3-mvc-ClientesAgenciaViajes\Taller3-mvc-ClientesAgenciaViajes\build\empty" />
    <property name="libs.spring-webmvc3.0.maven-pom" value="" />
    <property name="includes" value="**" />
    <property name="libs.jsf12.javadoc" value="C:\netbeans\enterprise\docs\javaee-doc-api.jar" />
    <property name="libs.hamcrest.classpath" value="C:\netbeans\platform\modules\ext\hamcrest-core-1.3.jar" />
    <property name="javadoc.splitindex" value="true" />
    <property name="libs.JWSAntTasks.classpath" value="C:\netbeans\java\ant\extra\org-netbeans-modules-javawebstart-anttasks.jar" />
    <property name="junit.available" value="true" />
    <property name="javac.processormodulepath" value="" />
    <property name="javadoc.encoding" value="UTF-8" />
    <property name="do.mkdist" value="true" />
    <property name="libs.jstl.src" value="" />
    <property name="netbeans.hash.code" value="unique=02f00dc6b-cdf2-4a32-9489-8314f2972076_ff06481b-d666-4ba3-b5a4-7f318ef5b646" />
    <property name="libs.jsp-compilation-syscp.maven-pom" value="" />
    <property name="jlink.strip" value="false" />
    <property name="libs.spring-webmvc3.0.classpath" value="C:\netbeans\java\modules\ext\spring-3.0\spring-webmvc-3.2.7.RELEASE.jar" />
    <property name="java.runtime.name" value="Java(TM) SE Runtime Environment" />
    <property name="libs.jaxb.javadoc" value="C:\netbeans\ide\docs\jaxb-api-2.2.5-javadoc.jar" />
    <property name="manifest.available" value="true" />
    <property name="run.jvmargs.ide" value="" />
    <property name="ant.core.lib" value="C:\netbeans\extide\ant\lib\ant.jar" />
    <property name="libs.jsp-compilation.maven-pom" value="" />
    <property name="netbeans.logger.console" value="true" />
    <property name="javac.profile.cmd.line.arg" value="" />
    <property name="platforms.JDK_11.compiler" value="modern" />
    <property name="application.title" value="Taller3-mvc-ClientesAgenciaViajes" />
    <property name="do.archive+main.class.available" value="true" />
    <property name="javac.test.modulepath" value="" />
    <property name="ignore.failing.tests" value="true" />
    <property name="ant.file.type.Taller3-mvc-ClientesAgenciaViajes" value="file" />
    <property name="libs.PostgreSQLDriver.javadoc" value="" />
    <property name="libs.jsp-compilation-syscp.classpath" value="C:\netbeans\extide\ant\lib\ant.jar;C:\netbeans\enterprise\modules\ext\servlet3.1-jsp2.3-api.jar;C:\netbeans\enterprise\modules\ext\glassfish-jspparser-4.0.jar;C:\netbeans\enterprise\modules\ext\jstl-impl.jar;C:\netbeans\enterprise\modules\ext\jsf-2_2\javax.faces.jar" />
    <property name="libs.jsp-compilation.classpath" value="C:\netbeans\extide\ant\lib\ant.jar;C:\netbeans\enterprise\modules\ext\servlet3.1-jsp2.3-api.jar;C:\netbeans\enterprise\modules\ext\glassfish-jspparser-4.0.jar;C:\netbeans\enterprise\modules\ext\jsf-2_2\javax.faces.jar;C:\netbeans\enterprise\modules\ext\jstl-api.jar;C:\netbeans\extide\ant\lib\ant-launcher.jar" />
    <property name="libs.javaee-api-6.0.classpath" value="C:\netbeans\enterprise\modules\ext\javaee-api-6.0.jar" />
    <property name="libs.javaee-api-7.0.classpath" value="C:\netbeans\enterprise\modules\ext\javaee-api-7.0.jar" />
    <property name="sun.cpu.isalist" value="amd64" />
    <property name="libs.restapi.maven-pom" value="" />
    <property name="do.depend" value="false" />
    <property name="javadoc.preview" value="true" />
    <property name="sun.arch.data.model" value="64" />
    <property name="nb.show.statistics.ui" value="usageStatisticsEnabled" />
    <property name="libs.javaee-endorsed-api-7.0.src" value="" />
    <property name="annotation.processing.enabled" value="true" />
    <property name="libs.junit_5.src" value="C:\netbeans\platform\docs\junit-jupiter-api-5.3.1-sources.jar;C:\netbeans\platform\docs\junit-jupiter-params-5.3.1-sources.jar;C:\netbeans\platform\docs\junit-jupiter-engine-5.3.1-sources.jar" />
    <property name="libs.jaxb.classpath" value="C:\netbeans\ide\modules\ext\jaxb\jaxb-impl-2.2.5-2.jar;C:\netbeans\ide\modules\ext\jaxb\jaxb-xjc-2.2.5-2.jar;C:\netbeans\ide\modules\ext\jaxb\jaxb1-impl-2.2.5-2.jar;C:\netbeans\ide\modules\ext\jaxb\activation.jar;C:\netbeans\ide\modules\ext\jaxb\api\jaxb-api.jar" />
    <property name="libs.CopyLibs.src" value="" />
    <property name="platforms.JDK_11.home" value="C:\Program Files\Java\jdk-11.0.7" />
    <property name="javac.source" value="1.8" />
    <property name="java.specification.vendor" value="Oracle Corporation" />
    <property name="java.version.date" value="2020-04-14" />
    <property name="java.home" value="C:\Program Files\Java\jdk-11.0.7" />
    <property name="work.dir" value="C:\Users\DAAC\Documents\NetBeansProjects\Taller3-mvc-ClientesAgenciaViajes\Taller3-mvc-ClientesAgenciaViajes" />
    <property name="javac.test.compilerargs" value="" />
    <property name="jna.boot.library.name" value="jnidispatch-440" />
    <property name="libs.PostgreSQLDriver.classpath" value="C:\netbeans\ide\modules\ext\postgresql-42.2.5.jar" />
    <property name="libs.spring-webmvc3.0.javadoc" value="" />
    <property name="libs.JAXB-ENDORSED.src" value="" />
    <property name="user.script" value="" />
    <property name="manifest.encoding" value="UTF-8" />
    <property name="sun.management.compiler" value="HotSpot 64-Bit Tiered Compilers" />
    <property name="libs.spring-framework400.src" value="" />
    <property name="run.test.modulepath" value="" />
    <property name="libs.maven-dependencies.src" value="" />
    <property name="libs.javaee-web-api-6.0.classpath" value="C:\netbeans\enterprise\modules\ext\javaee-web-api-6.0.jar" />
    <property name="libs.jsp-compiler.javadoc" value="" />
    <property name="debug.test.modulepath" value="" />
    <property name="libs.javaee-web-api-7.0.classpath" value="C:\netbeans\enterprise\modules\ext\javaee-web-api-7.0.jar" />
    <property name="file.encoding" value="Cp1252" />
    <property name="java.util.logging.config.class" value="org.netbeans.core.startup.TopLogging" />
    <property name="https.nonProxyHosts" value="localhost|127.0.0.1|LAPTOP-99FSOHEE" />
    <property name="libs.restlib.javadoc" value="" />
    <property name="libs.absolutelayout.classpath" value="C:\netbeans\java\modules\ext\AbsoluteLayout.jar" />
    <property name="do.archive" value="true" />
    <property name="libs.struts.maven-pom" value="" />
    <property name="java.awt.printerjob" value="sun.awt.windows.WPrinterJob" />
    <property name="built-jar.properties" value="C:\Users\DAAC\Documents\NetBeansProjects\Taller3-mvc-ClientesAgenciaViajes\Taller3-mvc-ClientesAgenciaViajes\build\built-jar.properties" />
    <property name="nb.native.filechooser" value="false" />
    <property name="libs.testng.src" value="" />
    <property name="platform.active" value="default_platform" />
    <property name="manifest.file" value="manifest.mf" />
    <property name="sun.io.unicode.encoding" value="UnicodeLittle" />
    <property name="libs.struts.javadoc" value="C:\netbeans\enterprise\docs\struts-1.3.10-javadoc.zip" />
    <property name="sun.desktop" value="windows" />
    <property name="default.javac.source" value="11" />
    <property name="netbeans.dynamic.classpath" value="C:\netbeans\platform\core\asm-all-5.0.1.jar;C:\netbeans\platform\core\core-base.jar;C:\netbeans\platform\core\core.jar;C:\netbeans\platform\core\org-netbeans-libs-asm.jar;C:\netbeans\platform\core\org-openide-filesystems-compat8.jar;C:\netbeans\platform\core\org-openide-filesystems.jar;C:\netbeans\nb\core\org-netbeans-upgrader.jar;C:\netbeans\nb\core\locale\core_nb.jar" />
    <property name="libs.eclipselinkmodelgen.classpath" value="C:\netbeans\java\modules\ext\eclipselink\org.eclipse.persistence.jpa.modelgen.processor-2.5.2.jar" />
    <property name="netbeans.buildnumber" value="incubator-netbeans-release-404-on-20190319" />
    <property name="endorsed.classpath.cmd.line.arg" value="" />
    <property name="libs.jpa20-persistence.maven-pom" value="" />
    <property name="build.sysclasspath" value="ignore" />
    <property name="libs.CopyLibs.maven-pom" value="" />
    <property name="os.name" value="Windows 10" />
    <property name="jdkBug6558476" value="false" />
    <property name="http.nonProxyHosts" value="localhost|127.0.0.1|LAPTOP-99FSOHEE" />
    <property name="javadoc.author" value="false" />
    <property name="main.class" value="co.unicauca.clientes.client.Main" />
    <property name="libs.jsp-compilation-syscp.javadoc" value="" />
    <property name="ant.file.Taller3-mvc-ClientesAgenciaViajes" value="C:\Users\DAAC\Documents\NetBeansProjects\Taller3-mvc-ClientesAgenciaViajes\Taller3-mvc-ClientesAgenciaViajes\build.xml" />
    <property name="source.encoding" value="UTF-8" />
    <property name="jar.compress" value="false" />
    <property name="libs.javaee-api-7.0.javadoc" value="C:\netbeans\enterprise\docs\javaee-doc-api.jar" />
    <property name="libs.jsf20.maven-pom" value="" />
    <property name="java.awt.graphicsenv" value="sun.awt.Win32GraphicsEnvironment" />
    <property name="libs.restlib.classpath" value="C:\netbeans\enterprise\modules\ext\jersey2\ext\asm-all-repackaged-2.2.0-b21.jar;C:\netbeans\enterprise\modules\ext\jersey2\ext\cglib-2.2.0-b21.jar;C:\netbeans\enterprise\modules\ext\jersey2\ext\guava-14.0.1.jar;C:\netbeans\enterprise\modules\ext\jersey2\ext\hk2-api-2.2.0-b21.jar;C:\netbeans\enterprise\modules\ext\jersey2\ext\hk2-locator-2.2.0-b21.jar;C:\netbeans\enterprise\modules\ext\jersey2\ext\hk2-utils-2.2.0-b21.jar;C:\netbeans\enterprise\modules\ext\jersey2\ext\javax.annotation-api-1.2.jar;C:\netbeans\enterprise\modules\ext\jersey2\ext\javax.inject-2.2.0-b21.jar;C:\netbeans\enterprise\modules\ext\jersey2\ext\javax.servlet-api-3.0.1.jar;C:\netbeans\enterprise\modules\ext\jersey2\ext\jaxb-api-2.2.7.jar;C:\netbeans\enterprise\modules\ext\jersey2\ext\jersey-entity-filtering-2.5.1.jar;C:\netbeans\enterprise\modules\ext\jersey2\ext\jersey-media-moxy-2.5.1.jar;C:\netbeans\enterprise\modules\ext\jersey2\ext\org.osgi.core-4.2.0.jar;C:\netbeans\enterprise\modules\ext\jersey2\ext\osgi-resource-locator-1.0.1.jar;C:\netbeans\enterprise\modules\ext\jersey2\ext\persistence-api-1.0.jar;C:\netbeans\enterprise\modules\ext\jersey2\ext\validation-api-1.1.0.Final.jar;C:\netbeans\enterprise\modules\ext\jersey2\jersey-client.jar;C:\netbeans\enterprise\modules\ext\jersey2\jersey-common.jar;C:\netbeans\enterprise\modules\ext\jersey2\jersey-container-servlet.jar;C:\netbeans\enterprise\modules\ext\jersey2\jersey-container-servlet-core.jar;C:\netbeans\enterprise\modules\ext\jersey2\jersey-server.jar" />
    <property name="apple.awt.graphics.UseQuartz" value="true" />
    <property name="run.jvmargs" value="" />
    <property name="libs.primefaces.src" value="" />
    <property name="ant.file" value="C:\Users\DAAC\Documents\NetBeansProjects\Taller3-mvc-ClientesAgenciaViajes\Taller3-mvc-ClientesAgenciaViajes\build.xml" />
    <property name="libs.struts.src" value="" />
    <property name="path.separator" value=";" />
    <property name="libs.JAXB-ENDORSED.classpath" value="C:\netbeans\ide\modules\ext\jaxb\api\jaxb-api.jar" />
    <property name="libs.restlib.src" value="" />
    <property name="build.test.results.dir" value="build/test/results" />
    <property name="libs.jaxws21.javadoc" value="C:\netbeans\java\docs\jaxws-api-doc.zip" />
    <property name="libs.spring-framework400.maven-pom" value="" />
    <property name="ap.processors.internal" value="" />
    <property name="libs.jsf12.classpath" value="C:\netbeans\enterprise\modules\ext\jsf-1_2\jsf-api.jar;C:\netbeans\enterprise\modules\ext\jsf-1_2\jsf-impl.jar" />
    <property name="libs.hamcrest.javadoc" value="" />
    <property name="libs.spring-framework400.javadoc" value="" />
    <property name="libs.javac-api.src" value="" />
    <property name="do.jar" value="true" />
    <property name="java.vm.info" value="mixed mode" />
    <property name="libs.primefaces.classpath" value="C:\netbeans\enterprise\modules\ext\primefaces\primefaces-5.0.jar" />
    <property name="libs.jaxws21.maven-pom" value="" />
    <property name="run.test.classpath" value=":build/classes:C:\netbeans\platform\modules\ext\junit-4.12.jar:C:\netbeans\platform\modules\ext\hamcrest-core-1.3.jar:build/test/classes" />
    <property name="java.class.version" value="55.0" />
    <property name="javadoc.encoding.used" value="UTF-8" />
    <property name="src.dir" value="src" />
    <property name="debug.classpath" value=":build/classes" />
    <property name="ant.project.default-target" value="default" />
    <property name="excludes" value="" />
    <property name="libs.javaee-api-7.0.src" value="" />
    <property name="run.test.jvmargs" value="" />
    <property name="sun.jnu.encoding" value="Cp1252" />
    <property name="libs.junit_4.javadoc" value="C:\netbeans\platform\docs\junit-4.12-javadoc.jar" />
    <property name="libs.spring-webmvc4.0.src" value="" />
    <property name="sun.java2d.dpiaware" value="true" />
    <property name="main.class.available" value="true" />
    <property name="libs.jsf20.javadoc" value="C:\netbeans\enterprise\docs\javaee-doc-api.jar" />
    <property name="netbeans.importclass" value="org.netbeans.upgrade.AutoUpgrade" />
    <property name="netbeans.autoupdate.version" value="1.23" />
    <property name="empty.dir" value="C:\Users\DAAC\Documents\NetBeansProjects\Taller3-mvc-ClientesAgenciaViajes\Taller3-mvc-ClientesAgenciaViajes\build\empty" />
    <property name="netbeans.user" value="C:\Users\DAAC\AppData\Roaming\NetBeans\11.0" />
    <property name="file.separator" value="\" />
    <property name="line.separator" value="&#xd;&#xa;" />
    <property name="javadoc.additionalparam" value="" />
    <property name="libs.restlib.maven-pom" value="" />
    <property name="javac.debug" value="true" />
    <property name="libs.testng.classpath" value="C:\netbeans\platform\modules\ext\testng-6.8.1-dist.jar" />
    <property name="libs.jsp-compiler.src" value="" />
    <property name="user.name" value="DAAC" />
    <property name="libs.maven-dependencies.javadoc" value="C:\netbeans\enterprise\docs\javaee-doc-api.jar" />
    <property name="build.classes.dir" value="build/classes" />
    <property name="nb.junit.single" value="false" />
    <property name="javadoc.windowtitle" value="" />
    <property name="nb.internal.action.name" value="test" />
    <property name="libs.jaxws21.src" value="" />
    <property name="libs.maven-dependencies.classpath" value="C:\netbeans\enterprise\modules\ext\javaee6-endorsed\javax.annotation.jar;C:\netbeans\enterprise\modules\ext\javaee6-endorsed\jaxb-api-osgi.jar;C:\netbeans\enterprise\modules\ext\javaee6-endorsed\webservices-api-osgi.jar" />
    <property name="platforms.JDK_11.bootclasspath" value="C:\Program Files\Java\jdk-11.0.7\!/modules/java.base/;C:\Program Files\Java\jdk-11.0.7\!/modules/java.compiler/;C:\Program Files\Java\jdk-11.0.7\!/modules/java.datatransfer/;C:\Program Files\Java\jdk-11.0.7\!/modules/java.desktop/;C:\Program Files\Java\jdk-11.0.7\!/modules/java.instrument/;C:\Program Files\Java\jdk-11.0.7\!/modules/java.logging/;C:\Program Files\Java\jdk-11.0.7\!/modules/java.management/;C:\Program Files\Java\jdk-11.0.7\!/modules/java.management.rmi/;C:\Program Files\Java\jdk-11.0.7\!/modules/java.naming/;C:\Program Files\Java\jdk-11.0.7\!/modules/java.net.http/;C:\Program Files\Java\jdk-11.0.7\!/modules/java.prefs/;C:\Program Files\Java\jdk-11.0.7\!/modules/java.rmi/;C:\Program Files\Java\jdk-11.0.7\!/modules/java.scripting/;C:\Program Files\Java\jdk-11.0.7\!/modules/java.se/;C:\Program Files\Java\jdk-11.0.7\!/modules/java.security.jgss/;C:\Program Files\Java\jdk-11.0.7\!/modules/java.security.sasl/;C:\Program Files\Java\jdk-11.0.7\!/modules/java.smartcardio/;C:\Program Files\Java\jdk-11.0.7\!/modules/java.sql/;C:\Program Files\Java\jdk-11.0.7\!/modules/java.sql.rowset/;C:\Program Files\Java\jdk-11.0.7\!/modules/java.transaction.xa/;C:\Program Files\Java\jdk-11.0.7\!/modules/java.xml/;C:\Program Files\Java\jdk-11.0.7\!/modules/java.xml.crypto/;C:\Program Files\Java\jdk-11.0.7\!/modules/jdk.accessibility/;C:\Program Files\Java\jdk-11.0.7\!/modules/jdk.aot/;C:\Program Files\Java\jdk-11.0.7\!/modules/jdk.attach/;C:\Program Files\Java\jdk-11.0.7\!/modules/jdk.charsets/;C:\Program Files\Java\jdk-11.0.7\!/modules/jdk.compiler/;C:\Program Files\Java\jdk-11.0.7\!/modules/jdk.crypto.cryptoki/;C:\Program Files\Java\jdk-11.0.7\!/modules/jdk.crypto.ec/;C:\Program Files\Java\jdk-11.0.7\!/modules/jdk.crypto.mscapi/;C:\Program Files\Java\jdk-11.0.7\!/modules/jdk.dynalink/;C:\Program Files\Java\jdk-11.0.7\!/modules/jdk.editpad/;C:\Program Files\Java\jdk-11.0.7\!/modules/jdk.hotspot.agent/;C:\Program Files\Java\jdk-11.0.7\!/modules/jdk.httpserver/;C:\Program Files\Java\jdk-11.0.7\!/modules/jdk.internal.ed/;C:\Program Files\Java\jdk-11.0.7\!/modules/jdk.internal.jvmstat/;C:\Program Files\Java\jdk-11.0.7\!/modules/jdk.internal.le/;C:\Program Files\Java\jdk-11.0.7\!/modules/jdk.internal.opt/;C:\Program Files\Java\jdk-11.0.7\!/modules/jdk.internal.vm.ci/;C:\Program Files\Java\jdk-11.0.7\!/modules/jdk.internal.vm.compiler/;C:\Program Files\Java\jdk-11.0.7\!/modules/jdk.internal.vm.compiler.management/;C:\Program Files\Java\jdk-11.0.7\!/modules/jdk.jartool/;C:\Program Files\Java\jdk-11.0.7\!/modules/jdk.javadoc/;C:\Program Files\Java\jdk-11.0.7\!/modules/jdk.jcmd/;C:\Program Files\Java\jdk-11.0.7\!/modules/jdk.jconsole/;C:\Program Files\Java\jdk-11.0.7\!/modules/jdk.jdeps/;C:\Program Files\Java\jdk-11.0.7\!/modules/jdk.jdi/;C:\Program Files\Java\jdk-11.0.7\!/modules/jdk.jdwp.agent/;C:\Program Files\Java\jdk-11.0.7\!/modules/jdk.jfr/;C:\Program Files\Java\jdk-11.0.7\!/modules/jdk.jlink/;C:\Program Files\Java\jdk-11.0.7\!/modules/jdk.jshell/;C:\Program Files\Java\jdk-11.0.7\!/modules/jdk.jsobject/;C:\Program Files\Java\jdk-11.0.7\!/modules/jdk.jstatd/;C:\Program Files\Java\jdk-11.0.7\!/modules/jdk.localedata/;C:\Program Files\Java\jdk-11.0.7\!/modules/jdk.management/;C:\Program Files\Java\jdk-11.0.7\!/modules/jdk.management.agent/;C:\Program Files\Java\jdk-11.0.7\!/modules/jdk.management.jfr/;C:\Program Files\Java\jdk-11.0.7\!/modules/jdk.naming.dns/;C:\Program Files\Java\jdk-11.0.7\!/modules/jdk.naming.rmi/;C:\Program Files\Java\jdk-11.0.7\!/modules/jdk.net/;C:\Program Files\Java\jdk-11.0.7\!/modules/jdk.pack/;C:\Program Files\Java\jdk-11.0.7\!/modules/jdk.rmic/;C:\Program Files\Java\jdk-11.0.7\!/modules/jdk.scripting.nashorn/;C:\Program Files\Java\jdk-11.0.7\!/modules/jdk.scripting.nashorn.shell/;C:\Program Files\Java\jdk-11.0.7\!/modules/jdk.sctp/;C:\Program Files\Java\jdk-11.0.7\!/modules/jdk.security.auth/;C:\Program Files\Java\jdk-11.0.7\!/modules/jdk.security.jgss/;C:\Program Files\Java\jdk-11.0.7\!/modules/jdk.unsupported/;C:\Program Files\Java\jdk-11.0.7\!/modules/jdk.unsupported.desktop/;C:\Program Files\Java\jdk-11.0.7\!/modules/jdk.xml.dom/;C:\Program Files\Java\jdk-11.0.7\!/modules/jdk.zipfs/" />
    <property name="jna.loaded" value="true" />
    <property name="libs.junit_5.maven-pom" value="" />
    <property name="libs.jpa20-persistence.javadoc" value="" />
    <property name="ant.junit.enabletestlistenerevents" value="true" />
    <property name="libs.JWSAntTasks.src" value="" />
    <property name="libs.spring-webmvc3.0.src" value="" />
    <property name="ant.home" value="C:\netbeans\extide\ant" />
    <property name="have.tests" value="true" />
    <property name="javac.external.vm" value="true" />
    <property name="debug.test.classpath" value=":build/classes:C:\netbeans\platform\modules\ext\junit-4.12.jar:C:\netbeans\platform\modules\ext\hamcrest-core-1.3.jar:build/test/classes" />
    <property name="testng.debug.mode" value="" />
    <property name="javac.target" value="1.8" />
    <property name="ant.version" value="Apache Ant(TM) version 1.10.4 compiled on June 19 2018" />
    <property name="libs.absolutelayout.maven-pom" value="" />
    <property name="jdk.gtk.version" value="2.2" />
    <property name="java.failonerror" value="true" />
    <property name="javac.modulepath" value="" />
    <property name="libs.javaee-api-6.0.src" value="" />
    <property name="user.properties.file" value="C:\Users\DAAC\AppData\Roaming\NetBeans\11.0\build.properties" />
    <property name="netbeans.autoupdate.country" value="CO" />
    <property name="nb.wait.for.caches" value="true" />
    <property name="java.class.path" value="C:\Users\DAAC\Documents\NetBeansProjects\Taller3-mvc-ClientesAgenciaViajes\Taller3-mvc-ClientesAgenciaViajes\build\classes;C:\netbeans\platform\modules\ext\junit-4.12.jar;C:\netbeans\platform\modules\ext\hamcrest-core-1.3.jar;C:\Users\DAAC\Documents\NetBeansProjects\Taller3-mvc-ClientesAgenciaViajes\Taller3-mvc-ClientesAgenciaViajes\build\test\classes;C:\netbeans\extide\ant\lib\ant-launcher.jar;C:\netbeans\extide\ant\lib\ant.jar;C:\netbeans\extide\ant\lib\ant-junit.jar;C:\netbeans\extide\ant\lib\ant-junit4.jar" />
    <property name="libs.javaee-web-api-6.0.maven-pom" value="" />
    <property name="java.vm.vendor" value="Oracle Corporation" />
    <property name="ap.supported.internal" value="true" />
    <property name="user.variant" value="" />
    <property name="netbeans.home+have.tests" value="true" />
    <property name="test.binaryexcludes" value="" />
    <property name="javac.compilerargs" value="" />
    <property name="libs.jstl.maven-pom" value="" />
    <property name="sun.cpu.endian" value="little" />
    <property name="libs.junit_4.src" value="C:\netbeans\platform\docs\junit-4.12-sources.jar" />
    <property name="user.language" value="es" />
    <property name="copylibs.rebase" value="true" />
    <property name="libs.javaee-web-api-6.0.src" value="" />
    <property name="javadoc.nonavbar" value="false" />
    <property name="ant.java.version" value="11" />
    <property name="libs.junit_4.classpath" value="C:\netbeans\platform\modules\ext\junit-4.12.jar" />
    <property name="jlink.launcher.name" value="Taller3-mvc-ClientesAgenciaViajes" />
    <property name="test.binarytestincludes" value="" />
    <property name="sun.awt.keepWorkingSetOnMinimize" value="true" />
    <property name="libs.junit_4.maven-pom" value="" />
    <property name="libs.jsp-compiler.maven-pom" value="" />
    <property name="runtime.encoding" value="UTF-8" />
    <property name="javac.classpath" value="" />
    <property name="nb.junit.batch" value="true" />
    <property name="build.test.classes.dir" value="build/test/classes" />
    <property name="libs.spring-framework300.maven-pom" value="" />
    <property name="ant.project.invoked-targets" value="test" />
    <property name="netbeans.automatic.build" value="true" />
    <property name="libs.jstl.classpath" value="C:\netbeans\enterprise\modules\ext\jstl-impl.jar;C:\netbeans\enterprise\modules\ext\jstl-api.jar" />
    <property name="ap.cmd.line.internal" value="" />
    <property name="libs.PostgreSQLDriver.src" value="" />
    <property name="java.vendor.url.bug" value="https://bugreport.java.com/bugreport/" />
    <property name="annotation.processing.source.output" value="build/generated-sources/ap-source-output" />
    <property name="user.dir" value="C:\Users\DAAC\Documents\NetBeansProjects\Taller3-mvc-ClientesAgenciaViajes\Taller3-mvc-ClientesAgenciaViajes" />
    <property name="platform.java" value="C:\Program Files\Java\jdk-11.0.7/bin/java" />
    <property name="application.args" value="" />
    <property name="org.xml.sax.driver" value="com.sun.org.apache.xerces.internal.jaxp.SAXParserImpl$JAXPSAXParser" />
    <property name="libs.eclipselink.src" value="" />
    <property name="java.vm.version" value="11.0.7+8-LTS" />
    <property name="libs.metro.javadoc" value="C:\netbeans\enterprise\docs\webservices-api-javadoc.jar;C:\netbeans\enterprise\docs\webservices-extra-javadoc.jar;C:\netbeans\enterprise\docs\webservices-extra-api-javadoc.jar;C:\netbeans\enterprise\docs\webservices-rt-javadoc.jar;C:\netbeans\enterprise\docs\webservices-tools-javadoc.jar" />
    <property name="sun.awt.datatransfer.timeout" value="1000" />
    <property name="libs.javaee-web-api-7.0.src" value="" />
    <property name="junit.forkmode" value="perTest" />
    <property name="annotation.processing.run.all.processors" value="true" />
    <property name="libs.jsp-compiler.classpath" value="C:\netbeans\enterprise\ant\extra\jspcompile.jar" />
  </properties>
  <testcase classname="co.unicauca.clientes.modelo.ClientesDBTest" name="testClientesPorProfesion" time="0.002" />
  <system-out><![CDATA[Clientes por profesión
]]></system-out>
  <system-err><![CDATA[]]></system-err>
</testsuite>
